Started GET "/" for ::1 at 2016-08-04 15:34:38 -0700
  [1m[36mActiveRecord::SchemaMigration Load (0.5ms)[0m  [1m[34mSELECT "schema_migrations".* FROM "schema_migrations"[0m
Processing by SessionsController#login as HTML
  Rendering sessions/login.html.erb within layouts/application
  [1m[36mUser Load (0.5ms)[0m  [1m[34mSELECT  "users".* FROM "users" WHERE "users"."id" = $1 LIMIT $2[0m  [["id", 23], ["LIMIT", 1]]
  Rendered sessions/login.html.erb within layouts/application (48.6ms)
  [1m[36mUser Load (0.5ms)[0m  [1m[34mSELECT  "users".* FROM "users" WHERE "users"."id" = $1 LIMIT $2[0m  [["id", 23], ["LIMIT", 1]]
Completed 200 OK in 358ms (Views: 350.5ms | ActiveRecord: 4.9ms)


Started GET "/sessions/logout" for ::1 at 2016-08-04 15:34:50 -0700
Processing by SessionsController#delete as HTML
  [1m[36mUser Load (0.8ms)[0m  [1m[34mSELECT  "users".* FROM "users" WHERE "users"."id" = $1 LIMIT $2[0m  [["id", 23], ["LIMIT", 1]]
Redirected to http://localhost:3000/
Completed 302 Found in 3ms (ActiveRecord: 0.8ms)


Started GET "/" for ::1 at 2016-08-04 15:34:50 -0700
Processing by SessionsController#login as HTML
  Rendering sessions/login.html.erb within layouts/application
  Rendered sessions/login.html.erb within layouts/application (0.8ms)
Completed 200 OK in 28ms (Views: 26.2ms | ActiveRecord: 0.0ms)


Started GET "/" for ::1 at 2016-08-04 15:37:16 -0700
Processing by SessionsController#login as HTML
  Rendering sessions/login.html.erb within layouts/application
  Rendered sessions/login.html.erb within layouts/application (0.4ms)
Completed 200 OK in 27ms (Views: 25.4ms | ActiveRecord: 0.0ms)


Started GET "/auth/facebook" for ::1 at 2016-08-04 15:37:37 -0700
Started GET "/auth/facebook/callback?code=AQBkxZESspK-5li9baxr4SJspaDJBD9-kK_4NH_IqfC98MOlq9bOfKuyzR9ddPmoAqkARVRgToKYPmw81PGFlLidkQyyoXKnO2I3XYe39Ac_VFulZeQ6CTpTK8sz5DNBoad1b_O63lt99lbEWMbe6hI70KKZX74hBKB1XM_M6AfQgdR2l_eUAb2ul7PBTfWn7dMnlIVAWAYhs9Mg2gtac8zdVpr0e_YVmCGXwBO5l4AzhV5MBTBdRgQks-7nFAl2xJjT71U4-NbTDGeSXjtkBy6sj8by9klEvjgPwXLX1wpj9qSZsea3OZyS-EMhyigbNsk&state=55d2da0712da137ee18c3f8a35fbf384f9a35d14b1c2f749" for ::1 at 2016-08-04 15:37:37 -0700
Processing by SessionsController#create as HTML
  Parameters: {"code"=>"AQBkxZESspK-5li9baxr4SJspaDJBD9-kK_4NH_IqfC98MOlq9bOfKuyzR9ddPmoAqkARVRgToKYPmw81PGFlLidkQyyoXKnO2I3XYe39Ac_VFulZeQ6CTpTK8sz5DNBoad1b_O63lt99lbEWMbe6hI70KKZX74hBKB1XM_M6AfQgdR2l_eUAb2ul7PBTfWn7dMnlIVAWAYhs9Mg2gtac8zdVpr0e_YVmCGXwBO5l4AzhV5MBTBdRgQks-7nFAl2xJjT71U4-NbTDGeSXjtkBy6sj8by9klEvjgPwXLX1wpj9qSZsea3OZyS-EMhyigbNsk", "state"=>"55d2da0712da137ee18c3f8a35fbf384f9a35d14b1c2f749", "provider"=>"facebook"}
  [1m[35m (0.2ms)[0m  [1m[35mBEGIN[0m
  [1m[35mSQL (0.6ms)[0m  [1m[32mINSERT INTO "users" ("token", "name", "pic", "uid", "email", "created_at", "updated_at") VALUES ($1, $2, $3, $4, $5, $6, $7) RETURNING "id"[0m  [["token", "EAADr8tEA54QBAL7rH5NpO36Xieqg2lwROQZBrDB1ZAVzBjYtW5a99yapgePteHCYSXZCBcu1HkO1Bv28ZCyXDLhQMMr2Oo9dQuW22o19uDrOyvP2GH1zbnVfBygflpXRZBiZAUSbSt4JuFIFaCNBhEAYroHtLtrCYZD"], ["name", "Will Friebel"], ["pic", "http://graph.facebook.com/v2.6/796819854942/picture"], ["uid", "796819854942"], ["email", "will.friebel@gmail.com"], ["created_at", 2016-08-04 22:37:37 UTC], ["updated_at", 2016-08-04 22:37:37 UTC]]
  [1m[35m (0.7ms)[0m  [1m[35mCOMMIT[0m
Redirected to http://localhost:3000/
Completed 302 Found in 7ms (ActiveRecord: 1.6ms)


Started GET "/" for ::1 at 2016-08-04 15:37:37 -0700
Processing by SessionsController#login as HTML
  Rendering sessions/login.html.erb within layouts/application
  Rendered sessions/login.html.erb within layouts/application (0.6ms)
  [1m[36mUser Load (0.8ms)[0m  [1m[34mSELECT  "users".* FROM "users" WHERE "users"."id" = $1 LIMIT $2[0m  [["id", 24], ["LIMIT", 1]]
Completed 200 OK in 36ms (Views: 33.0ms | ActiveRecord: 0.8ms)


Started GET "/" for ::1 at 2016-08-04 15:38:15 -0700
Processing by SessionsController#login as HTML
  Rendering sessions/login.html.erb within layouts/application
  [1m[36mUser Load (0.4ms)[0m  [1m[34mSELECT  "users".* FROM "users" WHERE "users"."id" = $1 LIMIT $2[0m  [["id", 24], ["LIMIT", 1]]
  Rendered sessions/login.html.erb within layouts/application (1.9ms)
Completed 200 OK in 31ms (Views: 29.3ms | ActiveRecord: 0.4ms)


Started GET "/" for ::1 at 2016-08-04 15:38:21 -0700
Processing by SessionsController#login as HTML
  Rendering sessions/login.html.erb within layouts/application
  [1m[36mUser Load (0.8ms)[0m  [1m[34mSELECT  "users".* FROM "users" WHERE "users"."id" = $1 LIMIT $2[0m  [["id", 24], ["LIMIT", 1]]
  Rendered sessions/login.html.erb within layouts/application (3.4ms)
Completed 200 OK in 46ms (Views: 43.1ms | ActiveRecord: 0.8ms)


Started GET "/" for ::1 at 2016-08-04 15:38:26 -0700
Processing by SessionsController#login as HTML
  Rendering sessions/login.html.erb within layouts/application
  [1m[36mUser Load (0.8ms)[0m  [1m[34mSELECT  "users".* FROM "users" WHERE "users"."id" = $1 LIMIT $2[0m  [["id", 24], ["LIMIT", 1]]
  Rendered sessions/login.html.erb within layouts/application (3.1ms)
Completed 200 OK in 45ms (Views: 41.7ms | ActiveRecord: 0.8ms)


Started GET "/" for ::1 at 2016-08-04 15:39:12 -0700
Processing by SessionsController#login as HTML
  Rendering sessions/login.html.erb within layouts/application
  [1m[36mUser Load (0.4ms)[0m  [1m[34mSELECT  "users".* FROM "users" WHERE "users"."id" = $1 LIMIT $2[0m  [["id", 24], ["LIMIT", 1]]
  Rendered sessions/login.html.erb within layouts/application (1.6ms)
Completed 200 OK in 38ms (Views: 36.0ms | ActiveRecord: 0.4ms)


Started GET "/sessions/logout" for ::1 at 2016-08-04 15:39:13 -0700
Processing by SessionsController#delete as HTML
  [1m[36mUser Load (0.4ms)[0m  [1m[34mSELECT  "users".* FROM "users" WHERE "users"."id" = $1 LIMIT $2[0m  [["id", 24], ["LIMIT", 1]]
Redirected to http://localhost:3000/
Completed 302 Found in 2ms (ActiveRecord: 0.4ms)


Started GET "/" for ::1 at 2016-08-04 15:39:13 -0700
Processing by SessionsController#login as HTML
  Rendering sessions/login.html.erb within layouts/application
  Rendered sessions/login.html.erb within layouts/application (0.7ms)
Completed 200 OK in 33ms (Views: 31.5ms | ActiveRecord: 0.0ms)


Started GET "/auth/facebook" for ::1 at 2016-08-04 15:39:16 -0700
Started GET "/auth/facebook/callback?code=AQBkyJS0DhAenac_hPgxaYRtbNj5eLnD-V5zAOpGvp5Ie6pI0Xhyv6H_zTc0PU7VtED5ud7vF_K9nyQlGFLanTUoaQVE6EtmopUy95UkoPdXm--oN-mtsPZerBjHDjk6yzrW5CLcvoJkVIw6L-EGkRUGcl2xR7QddhEBBoUfwhqfib6HiYHs0NVWpnDIGg15R5Mv2LI_g29bjTqSyQ9W9zHsbPPdAKoaUXfVxTYjwJmkemMUbj36eRQPYX59md-VItK-G_tbjq3W_t27L18esT8xEIU9s6WzbZrzk0Ac4hN0rpzW1NRw4KBigdDRxr7VC20&state=1f03b141434dac001dd7d1465f02312fac15f948cc8fb7ea" for ::1 at 2016-08-04 15:39:16 -0700
Processing by SessionsController#create as HTML
  Parameters: {"code"=>"AQBkyJS0DhAenac_hPgxaYRtbNj5eLnD-V5zAOpGvp5Ie6pI0Xhyv6H_zTc0PU7VtED5ud7vF_K9nyQlGFLanTUoaQVE6EtmopUy95UkoPdXm--oN-mtsPZerBjHDjk6yzrW5CLcvoJkVIw6L-EGkRUGcl2xR7QddhEBBoUfwhqfib6HiYHs0NVWpnDIGg15R5Mv2LI_g29bjTqSyQ9W9zHsbPPdAKoaUXfVxTYjwJmkemMUbj36eRQPYX59md-VItK-G_tbjq3W_t27L18esT8xEIU9s6WzbZrzk0Ac4hN0rpzW1NRw4KBigdDRxr7VC20", "state"=>"1f03b141434dac001dd7d1465f02312fac15f948cc8fb7ea", "provider"=>"facebook"}
  [1m[35m (0.2ms)[0m  [1m[35mBEGIN[0m
  [1m[35mSQL (0.7ms)[0m  [1m[32mINSERT INTO "users" ("token", "name", "pic", "uid", "email", "created_at", "updated_at") VALUES ($1, $2, $3, $4, $5, $6, $7) RETURNING "id"[0m  [["token", "EAADr8tEA54QBAFJd8DoXyM7HN0wK9M5izaipaB6hlmbGiEOOZBer5zrIZCz88b4Ss160ZCtRKap1A7QLCmMXF1snQx1aq6h81krSH8yobrY468g2FzX8ioqlfETiWh9yqCzsoTnp0JAAupNIcs0NrjZBLzerfwYZD"], ["name", "Will Friebel"], ["pic", "http://graph.facebook.com/v2.6/796819854942/picture"], ["uid", "796819854942"], ["email", "will.friebel@gmail.com"], ["created_at", 2016-08-04 22:39:16 UTC], ["updated_at", 2016-08-04 22:39:16 UTC]]
  [1m[35m (0.6ms)[0m  [1m[35mCOMMIT[0m
Redirected to http://localhost:3000/
Completed 302 Found in 5ms (ActiveRecord: 1.5ms)


Started GET "/" for ::1 at 2016-08-04 15:39:16 -0700
Processing by SessionsController#login as HTML
  Rendering sessions/login.html.erb within layouts/application
  [1m[36mUser Load (0.4ms)[0m  [1m[34mSELECT  "users".* FROM "users" WHERE "users"."id" = $1 LIMIT $2[0m  [["id", 25], ["LIMIT", 1]]
  Rendered sessions/login.html.erb within layouts/application (1.6ms)
Completed 200 OK in 29ms (Views: 26.8ms | ActiveRecord: 0.4ms)


Started GET "/sessions/logout" for ::1 at 2016-08-04 15:39:20 -0700
Processing by SessionsController#delete as HTML
  [1m[36mUser Load (0.4ms)[0m  [1m[34mSELECT  "users".* FROM "users" WHERE "users"."id" = $1 LIMIT $2[0m  [["id", 25], ["LIMIT", 1]]
Redirected to http://localhost:3000/
Completed 302 Found in 2ms (ActiveRecord: 0.4ms)


Started GET "/" for ::1 at 2016-08-04 15:39:20 -0700
Processing by SessionsController#login as HTML
  Rendering sessions/login.html.erb within layouts/application
  Rendered sessions/login.html.erb within layouts/application (0.7ms)
Completed 200 OK in 30ms (Views: 27.3ms | ActiveRecord: 0.0ms)


Started GET "/auth/facebook" for ::1 at 2016-08-04 15:39:32 -0700
Started GET "/auth/facebook/callback?code=AQCIe-Gg_sVprLHYHfxBWVeGG6zaw379IpLhzUcb5bYaAWaFgJH5pUXzDdbv4Vqh-_hPRPNYzF8JgatijaQhK14OjROjsIKeAHy0fK4MCZeVPsswuRi3AOdLAukSGo70Ai-gPGCjEUDhQrQiYsHuSQWhE6O2BM0wORL76h8R7XHMb-yChlsofTLOsVJbmna-lIZI_bt5OQFbAnVUT1vvVly6vOLNitKW8CKhGxDvjA4IcYftdIPwgBZ7NLBGoapaIKOXnQ8kdZw0AWwMj81Sfri4sfO4xviQ4l84UKoPehFEGNQ-LTQvirZMEA3wFBQ7pnY&state=295e59004306075fb1f6f96938c07814ce3aceeb6123955e" for ::1 at 2016-08-04 15:39:32 -0700
Processing by SessionsController#create as HTML
  Parameters: {"code"=>"AQCIe-Gg_sVprLHYHfxBWVeGG6zaw379IpLhzUcb5bYaAWaFgJH5pUXzDdbv4Vqh-_hPRPNYzF8JgatijaQhK14OjROjsIKeAHy0fK4MCZeVPsswuRi3AOdLAukSGo70Ai-gPGCjEUDhQrQiYsHuSQWhE6O2BM0wORL76h8R7XHMb-yChlsofTLOsVJbmna-lIZI_bt5OQFbAnVUT1vvVly6vOLNitKW8CKhGxDvjA4IcYftdIPwgBZ7NLBGoapaIKOXnQ8kdZw0AWwMj81Sfri4sfO4xviQ4l84UKoPehFEGNQ-LTQvirZMEA3wFBQ7pnY", "state"=>"295e59004306075fb1f6f96938c07814ce3aceeb6123955e", "provider"=>"facebook"}
  [1m[35m (0.1ms)[0m  [1m[35mBEGIN[0m
  [1m[35mSQL (0.7ms)[0m  [1m[32mINSERT INTO "users" ("token", "name", "pic", "uid", "email", "created_at", "updated_at") VALUES ($1, $2, $3, $4, $5, $6, $7) RETURNING "id"[0m  [["token", "EAADr8tEA54QBAE7AkLZA95J9ZC0YH4XfJK91K9rUVMdPh6RVJ0MIhU6hDZB0XGMKhNZCIS9AYS5vBHyIalr9DhspGm63E4JBIPGoSmwfgnCIDLrWngaArQ3w7taZBQpgvIZCDAiQ79OXkK67RRWgxIGKjD7xvFIAcZD"], ["name", "Will Friebel"], ["pic", "http://graph.facebook.com/v2.6/796819854942/picture"], ["uid", "796819854942"], ["email", "will.friebel@gmail.com"], ["created_at", 2016-08-04 22:39:32 UTC], ["updated_at", 2016-08-04 22:39:32 UTC]]
  [1m[35m (0.5ms)[0m  [1m[35mCOMMIT[0m
Redirected to http://localhost:3000/
Completed 302 Found in 5ms (ActiveRecord: 1.4ms)


Started GET "/" for ::1 at 2016-08-04 15:39:32 -0700
Processing by SessionsController#login as HTML
  Rendering sessions/login.html.erb within layouts/application
  [1m[36mUser Load (0.5ms)[0m  [1m[34mSELECT  "users".* FROM "users" WHERE "users"."id" = $1 LIMIT $2[0m  [["id", 26], ["LIMIT", 1]]
  Rendered sessions/login.html.erb within layouts/application (2.3ms)
Completed 200 OK in 37ms (Views: 33.8ms | ActiveRecord: 0.5ms)


Started GET "/recipes" for ::1 at 2016-08-04 15:39:44 -0700
Processing by RecipesController#index as HTML
  [1m[36mUser Load (0.4ms)[0m  [1m[34mSELECT  "users".* FROM "users" WHERE "users"."id" = $1 LIMIT $2[0m  [["id", 26], ["LIMIT", 1]]
  Rendering recipes/index.html.erb within layouts/application
  [1m[36mRecipe Load (0.9ms)[0m  [1m[34mSELECT "recipes".* FROM "recipes"[0m
  Rendered recipes/index.html.erb within layouts/application (7.0ms)
Completed 200 OK in 44ms (Views: 30.5ms | ActiveRecord: 3.7ms)


Started GET "/sessions/logout" for ::1 at 2016-08-04 15:39:53 -0700
Processing by SessionsController#delete as HTML
  [1m[36mUser Load (0.3ms)[0m  [1m[34mSELECT  "users".* FROM "users" WHERE "users"."id" = $1 LIMIT $2[0m  [["id", 26], ["LIMIT", 1]]
Redirected to http://localhost:3000/
Completed 302 Found in 2ms (ActiveRecord: 0.3ms)


Started GET "/" for ::1 at 2016-08-04 15:39:53 -0700
Processing by SessionsController#login as HTML
  Rendering sessions/login.html.erb within layouts/application
  Rendered sessions/login.html.erb within layouts/application (0.8ms)
Completed 200 OK in 27ms (Views: 25.0ms | ActiveRecord: 0.0ms)


Started GET "/auth/facebook" for ::1 at 2016-08-04 15:40:10 -0700
Started GET "/auth/facebook/callback?code=AQCYrDvnTNyQqCMTGuW_Wu2UM-9MUVGgC2KLa-T-D5eLIEp7t01SWeaocqNtzG20n2E6gZYIxu2Z7DQAnmWmwatQPhZjf0YLOsbc8NczSUlo48uAXtXic9sKINfVSeORnLuxpl7Y8EWGtWCTH7_h0vppGRCk64u3D0J-whAoHWXZmitjNgX-HeRMPMrt-6l86Caj6PU9kAi1SeJTAymqajpYzQFQ1Z1aC3i38HRhImtiIOT73-bzxkuBN2mhvPHg3qrP5Jlb-uslVOTHNA_Mlmt-gKqeld__XeS9MiGPDXWmMI8RsAvw3n1GbOvBVqUqFpg&state=29f356b95711b2b37733401b7bb4178dcde142582097316a" for ::1 at 2016-08-04 15:40:10 -0700
Processing by SessionsController#create as HTML
  Parameters: {"code"=>"AQCYrDvnTNyQqCMTGuW_Wu2UM-9MUVGgC2KLa-T-D5eLIEp7t01SWeaocqNtzG20n2E6gZYIxu2Z7DQAnmWmwatQPhZjf0YLOsbc8NczSUlo48uAXtXic9sKINfVSeORnLuxpl7Y8EWGtWCTH7_h0vppGRCk64u3D0J-whAoHWXZmitjNgX-HeRMPMrt-6l86Caj6PU9kAi1SeJTAymqajpYzQFQ1Z1aC3i38HRhImtiIOT73-bzxkuBN2mhvPHg3qrP5Jlb-uslVOTHNA_Mlmt-gKqeld__XeS9MiGPDXWmMI8RsAvw3n1GbOvBVqUqFpg", "state"=>"29f356b95711b2b37733401b7bb4178dcde142582097316a", "provider"=>"facebook"}
  [1m[35m (0.2ms)[0m  [1m[35mBEGIN[0m
  [1m[35mSQL (0.8ms)[0m  [1m[32mINSERT INTO "users" ("token", "name", "pic", "uid", "email", "created_at", "updated_at") VALUES ($1, $2, $3, $4, $5, $6, $7) RETURNING "id"[0m  [["token", "EAADr8tEA54QBAHQHUYHdvAzI5Pcwcd0ZBS8lwZCiPhGlCPIkoCD2IKLUyaqC99m3HLBUeZCdPSiRYqZBujEBHGFgKMuvZCgklJxFZC5HkSLQHz5bXhfJSrEpcu9Grej5AMGZAHBUJvRGmGWjRJKYxhPGrmxzPxgzZAIZD"], ["name", "Will Friebel"], ["pic", "http://graph.facebook.com/v2.6/796819854942/picture"], ["uid", "796819854942"], ["email", "will.friebel@gmail.com"], ["created_at", 2016-08-04 22:40:11 UTC], ["updated_at", 2016-08-04 22:40:11 UTC]]
  [1m[35m (0.7ms)[0m  [1m[35mCOMMIT[0m
Redirected to http://localhost:3000/
Completed 302 Found in 5ms (ActiveRecord: 1.6ms)


Started GET "/" for ::1 at 2016-08-04 15:40:11 -0700
Processing by SessionsController#login as HTML
  Rendering sessions/login.html.erb within layouts/application
  [1m[36mUser Load (0.3ms)[0m  [1m[34mSELECT  "users".* FROM "users" WHERE "users"."id" = $1 LIMIT $2[0m  [["id", 27], ["LIMIT", 1]]
  Rendered sessions/login.html.erb within layouts/application (2.1ms)
Completed 200 OK in 29ms (Views: 26.7ms | ActiveRecord: 0.5ms)


Started GET "/" for ::1 at 2016-08-04 15:41:40 -0700
Processing by SessionsController#login as HTML
  Rendering sessions/login.html.erb within layouts/application
  [1m[36mUser Load (0.3ms)[0m  [1m[34mSELECT  "users".* FROM "users" WHERE "users"."id" = $1 LIMIT $2[0m  [["id", 27], ["LIMIT", 1]]
  Rendered sessions/login.html.erb within layouts/application (1.6ms)
Completed 200 OK in 27ms (Views: 24.5ms | ActiveRecord: 0.3ms)


Started GET "/sessions/logout" for ::1 at 2016-08-04 15:41:42 -0700
Processing by SessionsController#delete as HTML
  [1m[36mUser Load (0.4ms)[0m  [1m[34mSELECT  "users".* FROM "users" WHERE "users"."id" = $1 LIMIT $2[0m  [["id", 27], ["LIMIT", 1]]
Redirected to http://localhost:3000/
Completed 302 Found in 24ms (ActiveRecord: 6.3ms)


Started GET "/" for ::1 at 2016-08-04 15:41:42 -0700
Processing by SessionsController#login as HTML
  Rendering sessions/login.html.erb within layouts/application
  Rendered sessions/login.html.erb within layouts/application (0.8ms)
Completed 200 OK in 31ms (Views: 29.7ms | ActiveRecord: 0.0ms)


Started GET "/" for ::1 at 2016-08-04 15:41:43 -0700
Processing by SessionsController#login as HTML
  Rendering sessions/login.html.erb within layouts/application
  Rendered sessions/login.html.erb within layouts/application (0.7ms)
Completed 200 OK in 24ms (Views: 22.5ms | ActiveRecord: 0.0ms)


Started GET "/auth/facebook" for ::1 at 2016-08-04 15:41:45 -0700
Started GET "/auth/facebook/callback?code=AQA1V8RkjuOlp9elx6WRH-WufhqtNPCqW7O8yCZnRyIIvO0H5AvSSGD6gKjkxrh3QLOPtUj9reXo8LxPD2RqhTywqj93CaPZwT96R9rMTgSGwB8FNNzUw2bt-RpcXyAXWCPg9y5lQ6_TpRR3GlW55QCavfhBCgY3bBzghBPSaK__3369hCgpWr9Bu-KEVVvQ_89wkPIunHgkT3Ec4NQPu3lY1vAENV_rWzimaT21OJgSZfA7-_25ssT9iMBvK-xNQsISoWscwuHnQKUt_Du4caGoMpGMDoTyTojGSLsX8Ytf4cqxhN-ApkbofGa26JllcJc&state=344120b493d40978af2448d7665c60306a73af0883ff828c" for ::1 at 2016-08-04 15:41:45 -0700
Processing by SessionsController#create as HTML
  Parameters: {"code"=>"AQA1V8RkjuOlp9elx6WRH-WufhqtNPCqW7O8yCZnRyIIvO0H5AvSSGD6gKjkxrh3QLOPtUj9reXo8LxPD2RqhTywqj93CaPZwT96R9rMTgSGwB8FNNzUw2bt-RpcXyAXWCPg9y5lQ6_TpRR3GlW55QCavfhBCgY3bBzghBPSaK__3369hCgpWr9Bu-KEVVvQ_89wkPIunHgkT3Ec4NQPu3lY1vAENV_rWzimaT21OJgSZfA7-_25ssT9iMBvK-xNQsISoWscwuHnQKUt_Du4caGoMpGMDoTyTojGSLsX8Ytf4cqxhN-ApkbofGa26JllcJc", "state"=>"344120b493d40978af2448d7665c60306a73af0883ff828c", "provider"=>"facebook"}
  [1m[36mUser Load (45.8ms)[0m  [1m[34mSELECT  "users".* FROM "users" WHERE "users"."token" = $1 AND "users"."name" = $2 AND "users"."pic" = $3 AND "users"."uid" = $4 AND "users"."email" = $5 LIMIT $6[0m  [["token", "EAADr8tEA54QBACOZBZBbWIlBzeuK9ZCS5XS7dgw9Q5vhZARFFnefaTmF1zJQdL5TBbUNKZBOgglRyBHs2ty2sssCDR2LKBIahoRcr9trwWKOjMjZBjHfYLMkZAZCVZA9maF8DjLwCJJx4QLuMZB49ueTfCVI0nTqyMngcZD"], ["name", "Will Friebel"], ["pic", "http://graph.facebook.com/v2.6/796819854942/picture"], ["uid", "796819854942"], ["email", "will.friebel@gmail.com"], ["LIMIT", 1]]
  [1m[35m (0.2ms)[0m  [1m[35mBEGIN[0m
  [1m[35mSQL (0.4ms)[0m  [1m[32mINSERT INTO "users" ("token", "name", "pic", "uid", "email", "created_at", "updated_at") VALUES ($1, $2, $3, $4, $5, $6, $7) RETURNING "id"[0m  [["token", "EAADr8tEA54QBACOZBZBbWIlBzeuK9ZCS5XS7dgw9Q5vhZARFFnefaTmF1zJQdL5TBbUNKZBOgglRyBHs2ty2sssCDR2LKBIahoRcr9trwWKOjMjZBjHfYLMkZAZCVZA9maF8DjLwCJJx4QLuMZB49ueTfCVI0nTqyMngcZD"], ["name", "Will Friebel"], ["pic", "http://graph.facebook.com/v2.6/796819854942/picture"], ["uid", "796819854942"], ["email", "will.friebel@gmail.com"], ["created_at", 2016-08-04 22:41:45 UTC], ["updated_at", 2016-08-04 22:41:45 UTC]]
  [1m[35m (0.6ms)[0m  [1m[35mCOMMIT[0m
Redirected to http://localhost:3000/
Completed 302 Found in 53ms (ActiveRecord: 47.0ms)


Started GET "/" for ::1 at 2016-08-04 15:41:45 -0700
Processing by SessionsController#login as HTML
  Rendering sessions/login.html.erb within layouts/application
  [1m[36mUser Load (0.3ms)[0m  [1m[34mSELECT  "users".* FROM "users" WHERE "users"."id" = $1 LIMIT $2[0m  [["id", 28], ["LIMIT", 1]]
  Rendered sessions/login.html.erb within layouts/application (1.6ms)
Completed 200 OK in 36ms (Views: 34.4ms | ActiveRecord: 0.3ms)


Started GET "/" for ::1 at 2016-08-04 15:41:48 -0700
Processing by SessionsController#login as HTML
  Rendering sessions/login.html.erb within layouts/application
  [1m[36mUser Load (0.3ms)[0m  [1m[34mSELECT  "users".* FROM "users" WHERE "users"."id" = $1 LIMIT $2[0m  [["id", 28], ["LIMIT", 1]]
  Rendered sessions/login.html.erb within layouts/application (1.7ms)
Completed 200 OK in 27ms (Views: 25.2ms | ActiveRecord: 0.3ms)


Started GET "/sessions/logout" for ::1 at 2016-08-04 15:42:47 -0700
Started GET "/sessions/logout" for ::1 at 2016-08-04 15:42:47 -0700
  [1m[36mActiveRecord::SchemaMigration Load (0.5ms)[0m  [1m[34mSELECT "schema_migrations".* FROM "schema_migrations"[0m
  [1m[36mActiveRecord::SchemaMigration Load (0.4ms)[0m  [1m[34mSELECT "schema_migrations".* FROM "schema_migrations"[0m
Processing by SessionsController#delete as HTML
Processing by SessionsController#delete as HTML
  [1m[36mUser Load (0.5ms)[0m  [1m[34mSELECT  "users".* FROM "users" WHERE "users"."id" = $1 LIMIT $2[0m  [["id", 28], ["LIMIT", 1]]
  [1m[36mUser Load (0.7ms)[0m  [1m[34mSELECT  "users".* FROM "users" WHERE "users"."id" = $1 LIMIT $2[0m  [["id", 28], ["LIMIT", 1]]
Completed 404 Not Found in 36ms (ActiveRecord: 6.3ms)


Completed 404 Not Found in 27ms (ActiveRecord: 9.8ms)


  
  
ActiveRecord::RecordNotFound (Couldn't find User with 'id'=28):
ActiveRecord::RecordNotFound (Couldn't find User with 'id'=28):
  
  
app/controllers/application_controller.rb:19:in `current_user'
app/controllers/application_controller.rb:19:in `current_user'
app/controllers/application_controller.rb:13:in `require_login'
app/controllers/application_controller.rb:13:in `require_login'
  Rendering /Users/apprentice/.rbenv/versions/2.3.1/lib/ruby/gems/2.3.0/gems/actionpack-5.0.0/lib/action_dispatch/middleware/templates/rescues/diagnostics.html.erb within rescues/layout
  Rendering /Users/apprentice/.rbenv/versions/2.3.1/lib/ruby/gems/2.3.0/gems/actionpack-5.0.0/lib/action_dispatch/middleware/templates/rescues/diagnostics.html.erb within rescues/layout
  Rendering /Users/apprentice/.rbenv/versions/2.3.1/lib/ruby/gems/2.3.0/gems/actionpack-5.0.0/lib/action_dispatch/middleware/templates/rescues/_source.html.erb
  Rendering /Users/apprentice/.rbenv/versions/2.3.1/lib/ruby/gems/2.3.0/gems/actionpack-5.0.0/lib/action_dispatch/middleware/templates/rescues/_source.html.erb
  Rendered /Users/apprentice/.rbenv/versions/2.3.1/lib/ruby/gems/2.3.0/gems/actionpack-5.0.0/lib/action_dispatch/middleware/templates/rescues/_source.html.erb (4.2ms)
  Rendered /Users/apprentice/.rbenv/versions/2.3.1/lib/ruby/gems/2.3.0/gems/actionpack-5.0.0/lib/action_dispatch/middleware/templates/rescues/_source.html.erb (6.4ms)
  Rendering /Users/apprentice/.rbenv/versions/2.3.1/lib/ruby/gems/2.3.0/gems/actionpack-5.0.0/lib/action_dispatch/middleware/templates/rescues/_trace.html.erb
  Rendering /Users/apprentice/.rbenv/versions/2.3.1/lib/ruby/gems/2.3.0/gems/actionpack-5.0.0/lib/action_dispatch/middleware/templates/rescues/_trace.html.erb
  Rendered /Users/apprentice/.rbenv/versions/2.3.1/lib/ruby/gems/2.3.0/gems/actionpack-5.0.0/lib/action_dispatch/middleware/templates/rescues/_trace.html.erb (3.6ms)
  Rendered /Users/apprentice/.rbenv/versions/2.3.1/lib/ruby/gems/2.3.0/gems/actionpack-5.0.0/lib/action_dispatch/middleware/templates/rescues/_trace.html.erb (1.9ms)
  Rendering /Users/apprentice/.rbenv/versions/2.3.1/lib/ruby/gems/2.3.0/gems/actionpack-5.0.0/lib/action_dispatch/middleware/templates/rescues/_request_and_response.html.erb
  Rendering /Users/apprentice/.rbenv/versions/2.3.1/lib/ruby/gems/2.3.0/gems/actionpack-5.0.0/lib/action_dispatch/middleware/templates/rescues/_request_and_response.html.erb
  Rendered /Users/apprentice/.rbenv/versions/2.3.1/lib/ruby/gems/2.3.0/gems/actionpack-5.0.0/lib/action_dispatch/middleware/templates/rescues/_request_and_response.html.erb (1.6ms)
  Rendered /Users/apprentice/.rbenv/versions/2.3.1/lib/ruby/gems/2.3.0/gems/actionpack-5.0.0/lib/action_dispatch/middleware/templates/rescues/_request_and_response.html.erb (0.7ms)
  Rendered /Users/apprentice/.rbenv/versions/2.3.1/lib/ruby/gems/2.3.0/gems/actionpack-5.0.0/lib/action_dispatch/middleware/templates/rescues/diagnostics.html.erb within rescues/layout (213.8ms)
  Rendered /Users/apprentice/.rbenv/versions/2.3.1/lib/ruby/gems/2.3.0/gems/actionpack-5.0.0/lib/action_dispatch/middleware/templates/rescues/diagnostics.html.erb within rescues/layout (175.9ms)
Started GET "/" for ::1 at 2016-08-04 15:42:55 -0700
Processing by SessionsController#login as HTML
  Rendering sessions/login.html.erb within layouts/application
  [1m[36mUser Load (0.3ms)[0m  [1m[34mSELECT  "users".* FROM "users" WHERE "users"."id" = $1 LIMIT $2[0m  [["id", 28], ["LIMIT", 1]]
  Rendered sessions/login.html.erb within layouts/application (4.3ms)
Completed 500 Internal Server Error in 13ms (ActiveRecord: 0.3ms)


  
ActiveRecord::RecordNotFound (Couldn't find User with 'id'=28):
  
app/controllers/application_controller.rb:19:in `current_user'
app/views/sessions/login.html.erb:2:in `_app_views_sessions_login_html_erb__3607547240555093198_70176691484220'
  Rendering /Users/apprentice/.rbenv/versions/2.3.1/lib/ruby/gems/2.3.0/gems/actionpack-5.0.0/lib/action_dispatch/middleware/templates/rescues/diagnostics.html.erb within rescues/layout
  Rendering /Users/apprentice/.rbenv/versions/2.3.1/lib/ruby/gems/2.3.0/gems/actionpack-5.0.0/lib/action_dispatch/middleware/templates/rescues/_source.html.erb
  Rendered /Users/apprentice/.rbenv/versions/2.3.1/lib/ruby/gems/2.3.0/gems/actionpack-5.0.0/lib/action_dispatch/middleware/templates/rescues/_source.html.erb (7.7ms)
  Rendering /Users/apprentice/.rbenv/versions/2.3.1/lib/ruby/gems/2.3.0/gems/actionpack-5.0.0/lib/action_dispatch/middleware/templates/rescues/_trace.html.erb
  Rendered /Users/apprentice/.rbenv/versions/2.3.1/lib/ruby/gems/2.3.0/gems/actionpack-5.0.0/lib/action_dispatch/middleware/templates/rescues/_trace.html.erb (4.1ms)
  Rendering /Users/apprentice/.rbenv/versions/2.3.1/lib/ruby/gems/2.3.0/gems/actionpack-5.0.0/lib/action_dispatch/middleware/templates/rescues/_request_and_response.html.erb
  Rendered /Users/apprentice/.rbenv/versions/2.3.1/lib/ruby/gems/2.3.0/gems/actionpack-5.0.0/lib/action_dispatch/middleware/templates/rescues/_request_and_response.html.erb (1.0ms)
  Rendered /Users/apprentice/.rbenv/versions/2.3.1/lib/ruby/gems/2.3.0/gems/actionpack-5.0.0/lib/action_dispatch/middleware/templates/rescues/diagnostics.html.erb within rescues/layout (103.1ms)
Started GET "/" for ::1 at 2016-08-04 15:43:17 -0700
  [1m[36mActiveRecord::SchemaMigration Load (0.5ms)[0m  [1m[34mSELECT "schema_migrations".* FROM "schema_migrations"[0m
Processing by SessionsController#login as HTML
  Rendering sessions/login.html.erb within layouts/application
  [1m[36mUser Load (0.4ms)[0m  [1m[34mSELECT  "users".* FROM "users" WHERE "users"."id" = $1 LIMIT $2[0m  [["id", 28], ["LIMIT", 1]]
  Rendered sessions/login.html.erb within layouts/application (40.1ms)
Completed 500 Internal Server Error in 52ms (ActiveRecord: 4.5ms)


  
ActiveRecord::RecordNotFound (Couldn't find User with 'id'=28):
  
app/controllers/application_controller.rb:19:in `current_user'
app/views/sessions/login.html.erb:2:in `_app_views_sessions_login_html_erb___3426602242844718684_70163702302520'
  Rendering /Users/apprentice/.rbenv/versions/2.3.1/lib/ruby/gems/2.3.0/gems/actionpack-5.0.0/lib/action_dispatch/middleware/templates/rescues/diagnostics.html.erb within rescues/layout
  Rendering /Users/apprentice/.rbenv/versions/2.3.1/lib/ruby/gems/2.3.0/gems/actionpack-5.0.0/lib/action_dispatch/middleware/templates/rescues/_source.html.erb
  Rendered /Users/apprentice/.rbenv/versions/2.3.1/lib/ruby/gems/2.3.0/gems/actionpack-5.0.0/lib/action_dispatch/middleware/templates/rescues/_source.html.erb (5.6ms)
  Rendering /Users/apprentice/.rbenv/versions/2.3.1/lib/ruby/gems/2.3.0/gems/actionpack-5.0.0/lib/action_dispatch/middleware/templates/rescues/_trace.html.erb
  Rendered /Users/apprentice/.rbenv/versions/2.3.1/lib/ruby/gems/2.3.0/gems/actionpack-5.0.0/lib/action_dispatch/middleware/templates/rescues/_trace.html.erb (2.7ms)
  Rendering /Users/apprentice/.rbenv/versions/2.3.1/lib/ruby/gems/2.3.0/gems/actionpack-5.0.0/lib/action_dispatch/middleware/templates/rescues/_request_and_response.html.erb
  Rendered /Users/apprentice/.rbenv/versions/2.3.1/lib/ruby/gems/2.3.0/gems/actionpack-5.0.0/lib/action_dispatch/middleware/templates/rescues/_request_and_response.html.erb (0.9ms)
  Rendered /Users/apprentice/.rbenv/versions/2.3.1/lib/ruby/gems/2.3.0/gems/actionpack-5.0.0/lib/action_dispatch/middleware/templates/rescues/diagnostics.html.erb within rescues/layout (113.8ms)
Started GET "/" for ::1 at 2016-08-04 15:43:53 -0700
Processing by SessionsController#login as HTML
  Rendering sessions/login.html.erb within layouts/application
  Rendered sessions/login.html.erb within layouts/application (0.8ms)
Completed 200 OK in 241ms (Views: 239.0ms | ActiveRecord: 0.0ms)


Started GET "/" for ::1 at 2016-08-04 15:44:13 -0700
Processing by SessionsController#login as HTML
  Rendering sessions/login.html.erb within layouts/application
  Rendered sessions/login.html.erb within layouts/application (1.2ms)
Completed 200 OK in 27ms (Views: 25.4ms | ActiveRecord: 0.0ms)


Started GET "/auth/facebook" for ::1 at 2016-08-04 15:44:14 -0700
Started GET "/auth/facebook/callback?code=AQCNLu3LwNZHaj3aqS0DaJQDlC3DeS_Areigj0V7TyZAXOYTNmCmyhDWtNUG1homrVL9A9vPBXOa6LgMDZFIdE1PPVt_6DqjGt7jPMZsWMUZcYfzYRuGNLKEM14JgVXaEGuV9oyyVvByO7eE5txAcS5RcZtNSXOxUOHYEr-rWFy6tjy4Ta-r5ehPyxy7EXWN_DOQ-p7Fe4r5ic9Nw3uZwDpcj3lIer2fGxSL0v4ChhvqEXYDqO1ZNrkQTQvDbVEFqhacWmADbnNM8pqruQb6Hxw0NIvMOZlJ9xN5igfx4vB3cGFujxYTzmxZn2eB6Hv52mI&state=e8542e302500e4243f820acb0b7ee3d4c1cb4bbef1dd0881" for ::1 at 2016-08-04 15:44:14 -0700
Processing by SessionsController#create as HTML
  Parameters: {"code"=>"AQCNLu3LwNZHaj3aqS0DaJQDlC3DeS_Areigj0V7TyZAXOYTNmCmyhDWtNUG1homrVL9A9vPBXOa6LgMDZFIdE1PPVt_6DqjGt7jPMZsWMUZcYfzYRuGNLKEM14JgVXaEGuV9oyyVvByO7eE5txAcS5RcZtNSXOxUOHYEr-rWFy6tjy4Ta-r5ehPyxy7EXWN_DOQ-p7Fe4r5ic9Nw3uZwDpcj3lIer2fGxSL0v4ChhvqEXYDqO1ZNrkQTQvDbVEFqhacWmADbnNM8pqruQb6Hxw0NIvMOZlJ9xN5igfx4vB3cGFujxYTzmxZn2eB6Hv52mI", "state"=>"e8542e302500e4243f820acb0b7ee3d4c1cb4bbef1dd0881", "provider"=>"facebook"}
  [1m[36mUser Load (1.4ms)[0m  [1m[34mSELECT  "users".* FROM "users" WHERE "users"."token" = $1 AND "users"."name" = $2 AND "users"."pic" = $3 AND "users"."uid" = $4 AND "users"."email" = $5 LIMIT $6[0m  [["token", "EAADr8tEA54QBAKGf8TK6ZCClOPQmov2ROzKHrUDYtHHQiUEx43PMKTZCnZCnnW41muTXwpKlXOofpAo1iOpX59DIh7aGBe3fIrjwjCziEfRoMLxnsf0bcrswIuqPLpGXSTSlSTNmTPStT7SIv7vzW60rvIxvVUZD"], ["name", "Will Friebel"], ["pic", "http://graph.facebook.com/v2.6/796819854942/picture"], ["uid", "796819854942"], ["email", "will.friebel@gmail.com"], ["LIMIT", 1]]
  [1m[35m (0.1ms)[0m  [1m[35mBEGIN[0m
  [1m[35mSQL (0.7ms)[0m  [1m[32mINSERT INTO "users" ("token", "name", "pic", "uid", "email", "created_at", "updated_at") VALUES ($1, $2, $3, $4, $5, $6, $7) RETURNING "id"[0m  [["token", "EAADr8tEA54QBAKGf8TK6ZCClOPQmov2ROzKHrUDYtHHQiUEx43PMKTZCnZCnnW41muTXwpKlXOofpAo1iOpX59DIh7aGBe3fIrjwjCziEfRoMLxnsf0bcrswIuqPLpGXSTSlSTNmTPStT7SIv7vzW60rvIxvVUZD"], ["name", "Will Friebel"], ["pic", "http://graph.facebook.com/v2.6/796819854942/picture"], ["uid", "796819854942"], ["email", "will.friebel@gmail.com"], ["created_at", 2016-08-04 22:44:15 UTC], ["updated_at", 2016-08-04 22:44:15 UTC]]
  [1m[35m (0.6ms)[0m  [1m[35mCOMMIT[0m
Redirected to http://localhost:3000/
Completed 302 Found in 40ms (ActiveRecord: 3.9ms)


Started GET "/" for ::1 at 2016-08-04 15:44:15 -0700
Processing by SessionsController#login as HTML
  Rendering sessions/login.html.erb within layouts/application
  [1m[36mUser Load (1.0ms)[0m  [1m[34mSELECT  "users".* FROM "users" WHERE "users"."id" = $1 LIMIT $2[0m  [["id", 29], ["LIMIT", 1]]
  Rendered sessions/login.html.erb within layouts/application (3.1ms)
Completed 200 OK in 39ms (Views: 35.3ms | ActiveRecord: 1.0ms)


Started GET "/sessions/logout" for ::1 at 2016-08-04 15:44:17 -0700
Processing by SessionsController#delete as HTML
  [1m[36mUser Load (0.9ms)[0m  [1m[34mSELECT  "users".* FROM "users" WHERE "users"."id" = $1 LIMIT $2[0m  [["id", 29], ["LIMIT", 1]]
Redirected to http://localhost:3000/
Completed 302 Found in 3ms (ActiveRecord: 0.9ms)


Started GET "/" for ::1 at 2016-08-04 15:44:17 -0700
Processing by SessionsController#login as HTML
  Rendering sessions/login.html.erb within layouts/application
  Rendered sessions/login.html.erb within layouts/application (0.9ms)
Completed 200 OK in 33ms (Views: 30.9ms | ActiveRecord: 0.0ms)


Started GET "/auth/facebook" for ::1 at 2016-08-04 15:44:18 -0700
Started GET "/auth/facebook/callback?code=AQCi-GErDzNTxPahvRsCydPnOwW-brgEMFlb3mEJzEVSKwYwJw-GjcR4vbg2uGBhKOuvwHOwVV4luzDBRFtvDpF5RcRYow2K789edMhouN3kY2_qTjGquzWVtW7EkeAPDtZbMG-cW24zg5CYKYM5IaSZMN9o4AVE2C4z30rTFqC916jWk3G_ZShjwr2NyX__Ym1TEZfn-yu_F1AO-a4zywGKbH_PATFVM02pfqN0SX2Ame9whhujlm4cy5ijRqCfSdqjxtiE7mBfNSlqa472a2Q38qGbMWVnVbPn0Q5pIfa0UnoKbUrVZmuTJcpwp3YhdIE&state=aebe8a5252ac54758b89383577c4aa68d4e3f421abb97558" for ::1 at 2016-08-04 15:44:19 -0700
Processing by SessionsController#create as HTML
  Parameters: {"code"=>"AQCi-GErDzNTxPahvRsCydPnOwW-brgEMFlb3mEJzEVSKwYwJw-GjcR4vbg2uGBhKOuvwHOwVV4luzDBRFtvDpF5RcRYow2K789edMhouN3kY2_qTjGquzWVtW7EkeAPDtZbMG-cW24zg5CYKYM5IaSZMN9o4AVE2C4z30rTFqC916jWk3G_ZShjwr2NyX__Ym1TEZfn-yu_F1AO-a4zywGKbH_PATFVM02pfqN0SX2Ame9whhujlm4cy5ijRqCfSdqjxtiE7mBfNSlqa472a2Q38qGbMWVnVbPn0Q5pIfa0UnoKbUrVZmuTJcpwp3YhdIE", "state"=>"aebe8a5252ac54758b89383577c4aa68d4e3f421abb97558", "provider"=>"facebook"}
  [1m[36mUser Load (0.6ms)[0m  [1m[34mSELECT  "users".* FROM "users" WHERE "users"."token" = $1 AND "users"."name" = $2 AND "users"."pic" = $3 AND "users"."uid" = $4 AND "users"."email" = $5 LIMIT $6[0m  [["token", "EAADr8tEA54QBAKAmTeoWoU6ZB0XggNzbp0hqA9fCoRluAjiKZCmZBM2ZC6i1ggdiC4KpvgP5txmKfVqhOtHa1VZCWZA14nHXQZCiOZBs5KIEti1uUtL5OZCZC4tO9bOfhHAEQsLAuCnwOjYxh4eqM5gg5dYov0LYR2PZA0ZD"], ["name", "Will Friebel"], ["pic", "http://graph.facebook.com/v2.6/796819854942/picture"], ["uid", "796819854942"], ["email", "will.friebel@gmail.com"], ["LIMIT", 1]]
  [1m[35m (0.1ms)[0m  [1m[35mBEGIN[0m
  [1m[35mSQL (0.3ms)[0m  [1m[32mINSERT INTO "users" ("token", "name", "pic", "uid", "email", "created_at", "updated_at") VALUES ($1, $2, $3, $4, $5, $6, $7) RETURNING "id"[0m  [["token", "EAADr8tEA54QBAKAmTeoWoU6ZB0XggNzbp0hqA9fCoRluAjiKZCmZBM2ZC6i1ggdiC4KpvgP5txmKfVqhOtHa1VZCWZA14nHXQZCiOZBs5KIEti1uUtL5OZCZC4tO9bOfhHAEQsLAuCnwOjYxh4eqM5gg5dYov0LYR2PZA0ZD"], ["name", "Will Friebel"], ["pic", "http://graph.facebook.com/v2.6/796819854942/picture"], ["uid", "796819854942"], ["email", "will.friebel@gmail.com"], ["created_at", 2016-08-04 22:44:19 UTC], ["updated_at", 2016-08-04 22:44:19 UTC]]
  [1m[35m (0.6ms)[0m  [1m[35mCOMMIT[0m
Redirected to http://localhost:3000/
Completed 302 Found in 7ms (ActiveRecord: 1.7ms)


Started GET "/" for ::1 at 2016-08-04 15:44:19 -0700
Processing by SessionsController#login as HTML
  Rendering sessions/login.html.erb within layouts/application
  [1m[36mUser Load (0.6ms)[0m  [1m[34mSELECT  "users".* FROM "users" WHERE "users"."id" = $1 LIMIT $2[0m  [["id", 30], ["LIMIT", 1]]
  Rendered sessions/login.html.erb within layouts/application (2.8ms)
Completed 200 OK in 47ms (Views: 45.1ms | ActiveRecord: 0.6ms)


Started GET "/sessions/logout" for ::1 at 2016-08-04 15:44:20 -0700
Processing by SessionsController#delete as HTML
  [1m[36mUser Load (0.4ms)[0m  [1m[34mSELECT  "users".* FROM "users" WHERE "users"."id" = $1 LIMIT $2[0m  [["id", 30], ["LIMIT", 1]]
Redirected to http://localhost:3000/
Completed 302 Found in 2ms (ActiveRecord: 0.4ms)


Started GET "/" for ::1 at 2016-08-04 15:44:20 -0700
Processing by SessionsController#login as HTML
  Rendering sessions/login.html.erb within layouts/application
  Rendered sessions/login.html.erb within layouts/application (1.1ms)
Completed 200 OK in 42ms (Views: 40.4ms | ActiveRecord: 0.0ms)


Started GET "/" for ::1 at 2016-08-04 15:48:06 -0700
  [1m[36mActiveRecord::SchemaMigration Load (0.5ms)[0m  [1m[34mSELECT "schema_migrations".* FROM "schema_migrations"[0m
Processing by SessionsController#login as HTML
  Rendering sessions/login.html.erb within layouts/application
  Rendered sessions/login.html.erb within layouts/application (11.4ms)
Completed 200 OK in 305ms (Views: 302.2ms | ActiveRecord: 0.0ms)


Started GET "/auth/facebook" for ::1 at 2016-08-04 15:48:11 -0700
Started GET "/auth/facebook/callback?code=AQCu8G1EgUEuRy-eavsMwbKOD51klTf3LuIaivcQhgV32OhsOT-8fQ5nqtnk-cPd--iF3GUX3rE0HchkA41WsbIPvHWeGIUKw5UaSSxtnnM02-OnP6IeV-bFb7N0wGo-QglHWmjakh60jhE-iCx_aMEJHJUGi1JcbwPiCodSIklJgde4HSJpMen1-QirqCq_AKdnuGk781TqnNMvWJanxCzof6-LTpDpzk8kGRL_mlzWxl0KjS4VKdMnAx0TKbYoMNc2P9_bLS2T9deNM0sDmbTXNBd49V06XRslU7ijGmjaDji3bDZFsPZCzCAflkuqPmA&state=193526acf2ce772d04f5caa817fef8c9f435333e290dc502" for ::1 at 2016-08-04 15:48:11 -0700
Processing by SessionsController#create as HTML
  Parameters: {"code"=>"AQCu8G1EgUEuRy-eavsMwbKOD51klTf3LuIaivcQhgV32OhsOT-8fQ5nqtnk-cPd--iF3GUX3rE0HchkA41WsbIPvHWeGIUKw5UaSSxtnnM02-OnP6IeV-bFb7N0wGo-QglHWmjakh60jhE-iCx_aMEJHJUGi1JcbwPiCodSIklJgde4HSJpMen1-QirqCq_AKdnuGk781TqnNMvWJanxCzof6-LTpDpzk8kGRL_mlzWxl0KjS4VKdMnAx0TKbYoMNc2P9_bLS2T9deNM0sDmbTXNBd49V06XRslU7ijGmjaDji3bDZFsPZCzCAflkuqPmA", "state"=>"193526acf2ce772d04f5caa817fef8c9f435333e290dc502", "provider"=>"facebook"}
  [1m[36mUser Load (0.8ms)[0m  [1m[34mSELECT  "users".* FROM "users" WHERE "users"."uid" = $1 LIMIT $2[0m  [["uid", "796819854942"], ["LIMIT", 1]]
Redirected to http://localhost:3000/
Completed 302 Found in 41ms (ActiveRecord: 7.5ms)


Started GET "/" for ::1 at 2016-08-04 15:48:12 -0700
Processing by SessionsController#login as HTML
  Rendering sessions/login.html.erb within layouts/application
  [1m[36mUser Load (0.4ms)[0m  [1m[34mSELECT  "users".* FROM "users" WHERE "users"."id" = $1 LIMIT $2[0m  [["id", 29], ["LIMIT", 1]]
  Rendered sessions/login.html.erb within layouts/application (5.9ms)
Completed 200 OK in 48ms (Views: 43.6ms | ActiveRecord: 0.7ms)


Started GET "/sessions/logout" for ::1 at 2016-08-04 15:48:25 -0700
Processing by SessionsController#delete as HTML
  [1m[36mUser Load (0.4ms)[0m  [1m[34mSELECT  "users".* FROM "users" WHERE "users"."id" = $1 LIMIT $2[0m  [["id", 29], ["LIMIT", 1]]
Redirected to http://localhost:3000/
Completed 302 Found in 3ms (ActiveRecord: 0.6ms)


Started GET "/" for ::1 at 2016-08-04 15:48:25 -0700
Processing by SessionsController#login as HTML
  Rendering sessions/login.html.erb within layouts/application
  Rendered sessions/login.html.erb within layouts/application (0.8ms)
Completed 200 OK in 43ms (Views: 39.8ms | ActiveRecord: 0.0ms)


Started GET "/auth/facebook" for ::1 at 2016-08-04 15:48:27 -0700
Started GET "/auth/facebook/callback?code=AQAGzAFiG4bBQgGhkMmp-NpMhhnDzl8VHpDh_tfHiEVd6aTIhTp03O0LtGMfGh67oBTagwFk_4DYKvWTKrueiFJLpRZHDlF5O6cX1XksLUp9dFE_oXZvlHrwgjJQwxOUme2sgT6TXx2WiRikckyVenJDTzgod8Cn3-MvDf5lCbTrxMP1_ArlV3IVVUfZtfGUf9qg0F1jykVjAsL8cMuJR_2uAkx4QafBYdqZRBpaEY5h1Gr_ReOwVoq_IHPSPpLm2AyOhwbzvV8_nx61zOlX7CIr6xEGNUKNh2Zmk5Yua87vVPqOxaS0zkrszwRS0MP_h_0&state=de20e91739a55fe18925bda01dffc02893ea73b1166ad93d" for ::1 at 2016-08-04 15:48:27 -0700
Processing by SessionsController#create as HTML
  Parameters: {"code"=>"AQAGzAFiG4bBQgGhkMmp-NpMhhnDzl8VHpDh_tfHiEVd6aTIhTp03O0LtGMfGh67oBTagwFk_4DYKvWTKrueiFJLpRZHDlF5O6cX1XksLUp9dFE_oXZvlHrwgjJQwxOUme2sgT6TXx2WiRikckyVenJDTzgod8Cn3-MvDf5lCbTrxMP1_ArlV3IVVUfZtfGUf9qg0F1jykVjAsL8cMuJR_2uAkx4QafBYdqZRBpaEY5h1Gr_ReOwVoq_IHPSPpLm2AyOhwbzvV8_nx61zOlX7CIr6xEGNUKNh2Zmk5Yua87vVPqOxaS0zkrszwRS0MP_h_0", "state"=>"de20e91739a55fe18925bda01dffc02893ea73b1166ad93d", "provider"=>"facebook"}
  [1m[36mUser Load (0.4ms)[0m  [1m[34mSELECT  "users".* FROM "users" WHERE "users"."uid" = $1 LIMIT $2[0m  [["uid", "796819854942"], ["LIMIT", 1]]
Redirected to http://localhost:3000/
Completed 302 Found in 2ms (ActiveRecord: 0.4ms)


Started GET "/" for ::1 at 2016-08-04 15:48:27 -0700
Processing by SessionsController#login as HTML
  Rendering sessions/login.html.erb within layouts/application
  [1m[36mUser Load (0.3ms)[0m  [1m[34mSELECT  "users".* FROM "users" WHERE "users"."id" = $1 LIMIT $2[0m  [["id", 29], ["LIMIT", 1]]
  Rendered sessions/login.html.erb within layouts/application (1.8ms)
Completed 200 OK in 31ms (Views: 29.1ms | ActiveRecord: 0.3ms)


Started GET "/sessions/logout" for ::1 at 2016-08-04 15:48:29 -0700
Processing by SessionsController#delete as HTML
  [1m[36mUser Load (0.3ms)[0m  [1m[34mSELECT  "users".* FROM "users" WHERE "users"."id" = $1 LIMIT $2[0m  [["id", 29], ["LIMIT", 1]]
Redirected to http://localhost:3000/
Completed 302 Found in 2ms (ActiveRecord: 0.3ms)


Started GET "/" for ::1 at 2016-08-04 15:48:29 -0700
Processing by SessionsController#login as HTML
  Rendering sessions/login.html.erb within layouts/application
  Rendered sessions/login.html.erb within layouts/application (0.8ms)
Completed 200 OK in 39ms (Views: 35.8ms | ActiveRecord: 0.0ms)


Started GET "/" for ::1 at 2016-08-04 15:49:18 -0700
  [1m[36mActiveRecord::SchemaMigration Load (0.7ms)[0m  [1m[34mSELECT "schema_migrations".* FROM "schema_migrations"[0m
Processing by SessionsController#login as HTML
  Rendering sessions/login.html.erb within layouts/application
  Rendered sessions/login.html.erb within layouts/application (11.5ms)
Completed 200 OK in 307ms (Views: 304.5ms | ActiveRecord: 0.0ms)


Started GET "/auth/facebook" for ::1 at 2016-08-04 15:49:22 -0700
Started GET "/auth/facebook/callback?code=AQBCR_QYCSuTrpKI24m6XipRvsYNVEdkjFXU89Eh1tovowhSY5W0Ayp0UvFIoP_jzhU0BOHfw7lNjls7TXAvC4gZ_7_ghlKxuzK2sAb1jb5PBEqav0bkgIXehFqh1O5w_q9Zf18NAHWlA7hOqtcu1CQVnvavbV0rsrnCCbe0bb6aQqMolU28jqWAnXh1E1IK18suC4BB5BWzeGTrr46qCd3ONQVR87WP76BbireCl3jD_YcDGdPv6VaJxtXWEtfBnIIJMD6G6ZasxBVkw6C681N_pREezJzQ_e4lARmDkrRRdEdhxFZ-P2lc8ZLD6d_xVoU&state=32ce984a1fb3910da70bb3d8eaf4670d065f2a3110cf15aa" for ::1 at 2016-08-04 15:49:22 -0700
Processing by SessionsController#create as HTML
  Parameters: {"code"=>"AQBCR_QYCSuTrpKI24m6XipRvsYNVEdkjFXU89Eh1tovowhSY5W0Ayp0UvFIoP_jzhU0BOHfw7lNjls7TXAvC4gZ_7_ghlKxuzK2sAb1jb5PBEqav0bkgIXehFqh1O5w_q9Zf18NAHWlA7hOqtcu1CQVnvavbV0rsrnCCbe0bb6aQqMolU28jqWAnXh1E1IK18suC4BB5BWzeGTrr46qCd3ONQVR87WP76BbireCl3jD_YcDGdPv6VaJxtXWEtfBnIIJMD6G6ZasxBVkw6C681N_pREezJzQ_e4lARmDkrRRdEdhxFZ-P2lc8ZLD6d_xVoU", "state"=>"32ce984a1fb3910da70bb3d8eaf4670d065f2a3110cf15aa", "provider"=>"facebook"}
  [1m[36mUser Load (0.8ms)[0m  [1m[34mSELECT  "users".* FROM "users" WHERE "users"."uid" = $1 LIMIT $2[0m  [["uid", "796819854942"], ["LIMIT", 1]]
  [1m[35m (0.2ms)[0m  [1m[35mBEGIN[0m
  [1m[35m (0.3ms)[0m  [1m[31mROLLBACK[0m
Redirected to http://localhost:3000/
Completed 302 Found in 586ms (ActiveRecord: 7.6ms)


Started GET "/" for ::1 at 2016-08-04 15:49:22 -0700
Processing by SessionsController#login as HTML
  Rendering sessions/login.html.erb within layouts/application
  Rendered sessions/login.html.erb within layouts/application (0.8ms)
Completed 200 OK in 29ms (Views: 27.5ms | ActiveRecord: 0.0ms)


Started GET "/" for ::1 at 2016-08-04 15:53:38 -0700
  [1m[36mActiveRecord::SchemaMigration Load (0.5ms)[0m  [1m[34mSELECT "schema_migrations".* FROM "schema_migrations"[0m
Processing by SessionsController#login as HTML
  Rendering sessions/login.html.erb within layouts/application
  Rendered sessions/login.html.erb within layouts/application (13.6ms)
Completed 200 OK in 332ms (Views: 330.1ms | ActiveRecord: 0.0ms)


Started GET "/auth/facebook" for ::1 at 2016-08-04 15:53:47 -0700
Started GET "/auth/facebook/callback?code=AQDpNtjTcoviG7XxBWKEYNdR2Uw3t-2MOjwbgHZFAgHAvj6DiC1Jm1mBZ4d_Pj9vwBGW0QsPZaA-dXrpwtsvsG-jExGeLL89CKy2uakHyQ0QnRZDv3o1tnuZM29B5wJBMF7MvtHadIXteitB3_9LQsbrdYLt0uBe59S2s4C-jhtlptzUFfZrmKd5QN3BZOahCaRyWQvwswPNtXLZFNChkb8DBaiz8bApv3AggpBVkzD-0RbiPF50zoMBws5iMuHUTYbHnWaE0mGQmR5NsrCOVOifywvdRTU4Qm_yLRV93XcPgqHMq_rr-8wEB2xPaq-UMBo&state=3b84d807d59ab9d74a40b1b03859eb94008cde25a7c82204" for ::1 at 2016-08-04 15:53:47 -0700
Processing by SessionsController#create as HTML
  Parameters: {"code"=>"AQDpNtjTcoviG7XxBWKEYNdR2Uw3t-2MOjwbgHZFAgHAvj6DiC1Jm1mBZ4d_Pj9vwBGW0QsPZaA-dXrpwtsvsG-jExGeLL89CKy2uakHyQ0QnRZDv3o1tnuZM29B5wJBMF7MvtHadIXteitB3_9LQsbrdYLt0uBe59S2s4C-jhtlptzUFfZrmKd5QN3BZOahCaRyWQvwswPNtXLZFNChkb8DBaiz8bApv3AggpBVkzD-0RbiPF50zoMBws5iMuHUTYbHnWaE0mGQmR5NsrCOVOifywvdRTU4Qm_yLRV93XcPgqHMq_rr-8wEB2xPaq-UMBo", "state"=>"3b84d807d59ab9d74a40b1b03859eb94008cde25a7c82204", "provider"=>"facebook"}
  [1m[36mUser Load (0.6ms)[0m  [1m[34mSELECT  "users".* FROM "users" WHERE "users"."uid" = $1 LIMIT $2[0m  [["uid", "796819854942"], ["LIMIT", 1]]
  [1m[35m (0.3ms)[0m  [1m[35mBEGIN[0m
  [1m[35mSQL (0.5ms)[0m  [1m[32mINSERT INTO "users" ("token", "name", "pic", "uid", "email", "created_at", "updated_at") VALUES ($1, $2, $3, $4, $5, $6, $7) RETURNING "id"[0m  [["token", "EAADr8tEA54QBAByblIM7ZAvZBqWG1l7i20jGZA6IbDJVePamS65K9H5fxGhy5oZBYL6sZARLSQP8Au5RzjXavcc7JqOqphiQvLfoEB97wjfC33BpzJNRQCRcy3Q14vZCm7HR8FrgZCoqVlAsKIAd4h5XpHyKUi5orkZD"], ["name", "Will Friebel"], ["pic", "http://graph.facebook.com/v2.6/796819854942/picture"], ["uid", "796819854942"], ["email", "will.friebel@gmail.com"], ["created_at", 2016-08-04 22:53:48 UTC], ["updated_at", 2016-08-04 22:53:48 UTC]]
  [1m[35m (0.6ms)[0m  [1m[35mCOMMIT[0m
Redirected to http://localhost:3000/
Completed 302 Found in 55ms (ActiveRecord: 6.4ms)


Started GET "/" for ::1 at 2016-08-04 15:53:48 -0700
Processing by SessionsController#login as HTML
  Rendering sessions/login.html.erb within layouts/application
  [1m[36mUser Load (0.5ms)[0m  [1m[34mSELECT  "users".* FROM "users" WHERE "users"."id" = $1 LIMIT $2[0m  [["id", 31], ["LIMIT", 1]]
  Rendered sessions/login.html.erb within layouts/application (4.2ms)
Completed 200 OK in 46ms (Views: 43.0ms | ActiveRecord: 0.7ms)


Started GET "/sessions/logout" for ::1 at 2016-08-04 15:53:51 -0700
Processing by SessionsController#delete as HTML
  [1m[36mUser Load (1.0ms)[0m  [1m[34mSELECT  "users".* FROM "users" WHERE "users"."id" = $1 LIMIT $2[0m  [["id", 31], ["LIMIT", 1]]
Redirected to http://localhost:3000/
Completed 302 Found in 3ms (ActiveRecord: 1.0ms)


Started GET "/" for ::1 at 2016-08-04 15:53:51 -0700
Processing by SessionsController#login as HTML
  Rendering sessions/login.html.erb within layouts/application
  Rendered sessions/login.html.erb within layouts/application (1.8ms)
Completed 200 OK in 44ms (Views: 41.4ms | ActiveRecord: 0.0ms)


Started GET "/auth/facebook" for ::1 at 2016-08-04 15:53:52 -0700
Started GET "/auth/facebook/callback?code=AQBbHuzH7IkcQIJCOL1w_giqclTor_Nh4QaXExA9-SnmTu6BIZjIV1C2L5g9D124fAt-KK07lVMULE_ugbk4GomPXyg-LVCdr3K6x92rdUK-AMpWqyKNeuFocJU5eVfqMfJS2ENfPOXIedBB0Sgv_a9dASV4g8gdXE4t66yjB4k1CaiTGeZTVOu6s1LqfP5C2NJ3HoZp9O63PkrUM0O_lJyHyj6R3S8SX_2OcK2GA0FrpbwzEqqLtVAwGHbxrbby8QD50zHRqej0k-wycXG-Aii2I79ruvTFKpsB38Hoj3qdXWmbOH_Fv0tbT20GdU65b6c&state=5646c314e7813a7bbfda32e106e7ecd796e92ba39a842f0c" for ::1 at 2016-08-04 15:53:52 -0700
Processing by SessionsController#create as HTML
  Parameters: {"code"=>"AQBbHuzH7IkcQIJCOL1w_giqclTor_Nh4QaXExA9-SnmTu6BIZjIV1C2L5g9D124fAt-KK07lVMULE_ugbk4GomPXyg-LVCdr3K6x92rdUK-AMpWqyKNeuFocJU5eVfqMfJS2ENfPOXIedBB0Sgv_a9dASV4g8gdXE4t66yjB4k1CaiTGeZTVOu6s1LqfP5C2NJ3HoZp9O63PkrUM0O_lJyHyj6R3S8SX_2OcK2GA0FrpbwzEqqLtVAwGHbxrbby8QD50zHRqej0k-wycXG-Aii2I79ruvTFKpsB38Hoj3qdXWmbOH_Fv0tbT20GdU65b6c", "state"=>"5646c314e7813a7bbfda32e106e7ecd796e92ba39a842f0c", "provider"=>"facebook"}
  [1m[36mUser Load (0.4ms)[0m  [1m[34mSELECT  "users".* FROM "users" WHERE "users"."uid" = $1 LIMIT $2[0m  [["uid", "796819854942"], ["LIMIT", 1]]
Redirected to http://localhost:3000/
Completed 302 Found in 2ms (ActiveRecord: 0.4ms)


Started GET "/" for ::1 at 2016-08-04 15:53:52 -0700
Processing by SessionsController#login as HTML
  Rendering sessions/login.html.erb within layouts/application
  [1m[36mUser Load (0.3ms)[0m  [1m[34mSELECT  "users".* FROM "users" WHERE "users"."id" = $1 LIMIT $2[0m  [["id", 31], ["LIMIT", 1]]
  Rendered sessions/login.html.erb within layouts/application (1.9ms)
Completed 200 OK in 35ms (Views: 32.5ms | ActiveRecord: 0.3ms)


Started GET "/sessions/logout" for ::1 at 2016-08-04 15:53:53 -0700
Processing by SessionsController#delete as HTML
  [1m[36mUser Load (0.4ms)[0m  [1m[34mSELECT  "users".* FROM "users" WHERE "users"."id" = $1 LIMIT $2[0m  [["id", 31], ["LIMIT", 1]]
Redirected to http://localhost:3000/
Completed 302 Found in 2ms (ActiveRecord: 0.4ms)


Started GET "/" for ::1 at 2016-08-04 15:53:53 -0700
Processing by SessionsController#login as HTML
  Rendering sessions/login.html.erb within layouts/application
  Rendered sessions/login.html.erb within layouts/application (0.9ms)
Completed 200 OK in 33ms (Views: 29.9ms | ActiveRecord: 0.0ms)


Started GET "/" for ::1 at 2016-08-04 15:55:46 -0700
  [1m[36mActiveRecord::SchemaMigration Load (0.5ms)[0m  [1m[34mSELECT "schema_migrations".* FROM "schema_migrations"[0m
Processing by SessionsController#login as HTML
  Rendering sessions/login.html.erb within layouts/application
  Rendered sessions/login.html.erb within layouts/application (12.4ms)
Completed 200 OK in 313ms (Views: 310.8ms | ActiveRecord: 0.0ms)


Started GET "/auth/facebook" for ::1 at 2016-08-04 15:55:47 -0700
Started GET "/auth/facebook/callback?code=AQCjf1eomw10kea6Onp80kiD0JHuaB0XBiIvLssHrWfjpSChhQnW3XDh-c4ujBwz-m_qSAfU8ofXb9NBCo3jHNFewTAX0NUvWDarbwXX0IxVLSe-Rtp_p1HeGuj4vFJS2c2SYpTQkag731VrsHAdkFSl356OvXrWS-WT1IVq7W7r3NGAOMozZfaWZQR0ErUPGICXjvsw45udyRZX5RNuFyBJqkJ_9lgNMIB-0IhbWViIrLSCNFOGnboRa46ZP5ok4ZZ1-8RK0v62cJyGe4Lg1Flb94cE2WzBu_WegKtvi6W40zuU4TOPsgHOpi8t9uZyQIw&state=a36e72addfa60b7b4ef2cd235d89ba76026ec4c190e0bf08" for ::1 at 2016-08-04 15:55:47 -0700
Processing by SessionsController#create as HTML
  Parameters: {"code"=>"AQCjf1eomw10kea6Onp80kiD0JHuaB0XBiIvLssHrWfjpSChhQnW3XDh-c4ujBwz-m_qSAfU8ofXb9NBCo3jHNFewTAX0NUvWDarbwXX0IxVLSe-Rtp_p1HeGuj4vFJS2c2SYpTQkag731VrsHAdkFSl356OvXrWS-WT1IVq7W7r3NGAOMozZfaWZQR0ErUPGICXjvsw45udyRZX5RNuFyBJqkJ_9lgNMIB-0IhbWViIrLSCNFOGnboRa46ZP5ok4ZZ1-8RK0v62cJyGe4Lg1Flb94cE2WzBu_WegKtvi6W40zuU4TOPsgHOpi8t9uZyQIw", "state"=>"a36e72addfa60b7b4ef2cd235d89ba76026ec4c190e0bf08", "provider"=>"facebook"}
  [1m[36mUser Load (0.5ms)[0m  [1m[34mSELECT  "users".* FROM "users" WHERE "users"."uid" = $1 LIMIT $2[0m  [["uid", "796819854942"], ["LIMIT", 1]]
Redirected to http://localhost:3000/recipes
Completed 302 Found in 30ms (ActiveRecord: 4.5ms)


Started GET "/recipes" for ::1 at 2016-08-04 15:55:48 -0700
Processing by RecipesController#index as HTML
  [1m[36mUser Load (0.2ms)[0m  [1m[34mSELECT  "users".* FROM "users" WHERE "users"."id" = $1 LIMIT $2[0m  [["id", 31], ["LIMIT", 1]]
  Rendering recipes/index.html.erb within layouts/application
  [1m[36mRecipe Load (0.8ms)[0m  [1m[34mSELECT "recipes".* FROM "recipes"[0m
  Rendered recipes/index.html.erb within layouts/application (6.9ms)
Completed 200 OK in 59ms (Views: 41.6ms | ActiveRecord: 2.8ms)


Started GET "/sessions/logout" for ::1 at 2016-08-04 15:56:23 -0700
Processing by SessionsController#delete as HTML
  [1m[36mUser Load (0.3ms)[0m  [1m[34mSELECT  "users".* FROM "users" WHERE "users"."id" = $1 LIMIT $2[0m  [["id", 31], ["LIMIT", 1]]
Redirected to http://localhost:3000/
Completed 302 Found in 2ms (ActiveRecord: 0.3ms)


Started GET "/" for ::1 at 2016-08-04 15:56:23 -0700
Processing by SessionsController#login as HTML
  Rendering sessions/login.html.erb within layouts/application
  Rendered sessions/login.html.erb within layouts/application (1.2ms)
Completed 200 OK in 48ms (Views: 46.2ms | ActiveRecord: 0.0ms)


Started GET "/" for ::1 at 2016-08-04 15:56:51 -0700
  [1m[36mActiveRecord::SchemaMigration Load (0.5ms)[0m  [1m[34mSELECT "schema_migrations".* FROM "schema_migrations"[0m
Processing by SessionsController#login as HTML
  Rendering sessions/login.html.erb within layouts/application
  Rendered sessions/login.html.erb within layouts/application (12.1ms)
Completed 200 OK in 298ms (Views: 296.1ms | ActiveRecord: 0.0ms)


Started GET "/auth/facebook" for ::1 at 2016-08-04 15:56:52 -0700
Started GET "/auth/facebook/callback?code=AQAz4GEuoCV8_CguZNJhT06M-vpikead3S3ppEmgKP4Fm8xo-gQMHINPt52lJemhfYo4265UHdbAbo-rQQVhKN-1cz3PDwnj0KQIVZc5B3bovaertqvzzbMpYw7JXI_mvPg0Q27OvtVLt1VUh16CT0_fYqWS__7L9Gnz500Ks2yGIVPA9fdqQQxDaXiRK_M73RhgmpJ7iS4T9RYzcgFLswFgF_5FFYZF2UDQJnFKIZnYW-Fww2bGHEtV7ds5t7Gjls2UuVNubaBzZsDKqsCMcfLHpUzI4EG_3_AQdcG4q39FH2x2CWbdLquUIEf-z467oRI&state=6e883205b6ae66c3d623079ceb5639fd346d412ce958cd66" for ::1 at 2016-08-04 15:56:53 -0700
Processing by SessionsController#create as HTML
  Parameters: {"code"=>"AQAz4GEuoCV8_CguZNJhT06M-vpikead3S3ppEmgKP4Fm8xo-gQMHINPt52lJemhfYo4265UHdbAbo-rQQVhKN-1cz3PDwnj0KQIVZc5B3bovaertqvzzbMpYw7JXI_mvPg0Q27OvtVLt1VUh16CT0_fYqWS__7L9Gnz500Ks2yGIVPA9fdqQQxDaXiRK_M73RhgmpJ7iS4T9RYzcgFLswFgF_5FFYZF2UDQJnFKIZnYW-Fww2bGHEtV7ds5t7Gjls2UuVNubaBzZsDKqsCMcfLHpUzI4EG_3_AQdcG4q39FH2x2CWbdLquUIEf-z467oRI", "state"=>"6e883205b6ae66c3d623079ceb5639fd346d412ce958cd66", "provider"=>"facebook"}
  [1m[36mUser Load (0.5ms)[0m  [1m[34mSELECT  "users".* FROM "users" WHERE "users"."uid" = $1 LIMIT $2[0m  [["uid", "796819854942"], ["LIMIT", 1]]
  [1m[35m (0.3ms)[0m  [1m[35mBEGIN[0m
  [1m[35mSQL (0.5ms)[0m  [1m[32mINSERT INTO "users" ("token", "name", "pic", "uid", "email", "created_at", "updated_at") VALUES ($1, $2, $3, $4, $5, $6, $7) RETURNING "id"[0m  [["token", "EAADr8tEA54QBAPVz416wPvFQZA2sZBAQUui4QxvPpeCqbiGRatUUkU9u8EBBZAGZC4uW2yRbsiytbZCqOh6YXPY6ym2NI2HG6Y2sp72LZBULfXfM9Atuobxp0qVcFljq0RYZAGxtZAtFFhhPCastKUlUKYFTsmAa8pYZD"], ["name", "Will Friebel"], ["pic", "http://graph.facebook.com/v2.6/796819854942/picture"], ["uid", "796819854942"], ["email", "will.friebel@gmail.com"], ["created_at", 2016-08-04 22:56:53 UTC], ["updated_at", 2016-08-04 22:56:53 UTC]]
  [1m[35m (0.6ms)[0m  [1m[35mCOMMIT[0m
Redirected to http://localhost:3000/recipes
Completed 302 Found in 53ms (ActiveRecord: 5.9ms)


Started GET "/recipes" for ::1 at 2016-08-04 15:56:53 -0700
Processing by RecipesController#index as HTML
  [1m[36mUser Load (0.5ms)[0m  [1m[34mSELECT  "users".* FROM "users" WHERE "users"."id" = $1 LIMIT $2[0m  [["id", 32], ["LIMIT", 1]]
  Rendering recipes/index.html.erb within layouts/application
  [1m[36mRecipe Load (0.6ms)[0m  [1m[34mSELECT "recipes".* FROM "recipes"[0m
  Rendered recipes/index.html.erb within layouts/application (7.6ms)
Completed 200 OK in 68ms (Views: 46.7ms | ActiveRecord: 3.9ms)


Started GET "/sessions/logout" for ::1 at 2016-08-04 15:56:56 -0700
Processing by SessionsController#delete as HTML
  [1m[36mUser Load (0.8ms)[0m  [1m[34mSELECT  "users".* FROM "users" WHERE "users"."id" = $1 LIMIT $2[0m  [["id", 32], ["LIMIT", 1]]
Redirected to http://localhost:3000/
Completed 302 Found in 3ms (ActiveRecord: 0.8ms)


Started GET "/" for ::1 at 2016-08-04 15:56:56 -0700
Processing by SessionsController#login as HTML
  Rendering sessions/login.html.erb within layouts/application
  Rendered sessions/login.html.erb within layouts/application (1.0ms)
Completed 200 OK in 43ms (Views: 40.4ms | ActiveRecord: 0.0ms)


Started GET "/auth/facebook" for ::1 at 2016-08-04 15:57:06 -0700
Started GET "/auth/facebook/callback?code=AQCRRZlssQtHfdbtRL88TC2NgXWt8UGhd154HqToxNDgLEqmz1-UDpx2GO96XlkPC_UR5MwAzWWRl7JMpYkUEy8baIgsxad1H4vlQ7-s7a-VgasLHp2TrFjVdMr6Tve2ybh5xusS9AcNFeYx5fuZZDiSTSSsSo39mNtu6PQZRBaIpCaAio56pIqasYlF0aVhi_VTfuj5lws9r8Qae2djsTT8PVgO4k7kcO4nKniquCxN4yEWcFKLSoDtdAxJx6UQ1PkScJYOZWbp0QiDq20xs6XdedTWi6t1_cObzd3fN_IIKzKroYlThBp1F3zhnFsnG2I&state=eac25f94b19f88915300e9db23619c6c36bcee7c75682626" for ::1 at 2016-08-04 15:57:06 -0700
Processing by SessionsController#create as HTML
  Parameters: {"code"=>"AQCRRZlssQtHfdbtRL88TC2NgXWt8UGhd154HqToxNDgLEqmz1-UDpx2GO96XlkPC_UR5MwAzWWRl7JMpYkUEy8baIgsxad1H4vlQ7-s7a-VgasLHp2TrFjVdMr6Tve2ybh5xusS9AcNFeYx5fuZZDiSTSSsSo39mNtu6PQZRBaIpCaAio56pIqasYlF0aVhi_VTfuj5lws9r8Qae2djsTT8PVgO4k7kcO4nKniquCxN4yEWcFKLSoDtdAxJx6UQ1PkScJYOZWbp0QiDq20xs6XdedTWi6t1_cObzd3fN_IIKzKroYlThBp1F3zhnFsnG2I", "state"=>"eac25f94b19f88915300e9db23619c6c36bcee7c75682626", "provider"=>"facebook"}
  [1m[36mUser Load (0.5ms)[0m  [1m[34mSELECT  "users".* FROM "users" WHERE "users"."uid" = $1 LIMIT $2[0m  [["uid", "796819854942"], ["LIMIT", 1]]
Redirected to http://localhost:3000/recipes
Completed 302 Found in 3ms (ActiveRecord: 0.5ms)


Started GET "/recipes" for ::1 at 2016-08-04 15:57:07 -0700
Processing by RecipesController#index as HTML
  [1m[36mUser Load (0.4ms)[0m  [1m[34mSELECT  "users".* FROM "users" WHERE "users"."id" = $1 LIMIT $2[0m  [["id", 32], ["LIMIT", 1]]
  Rendering recipes/index.html.erb within layouts/application
  [1m[36mRecipe Load (0.5ms)[0m  [1m[34mSELECT "recipes".* FROM "recipes"[0m
  Rendered recipes/index.html.erb within layouts/application (2.1ms)
Completed 200 OK in 27ms (Views: 23.6ms | ActiveRecord: 0.9ms)


Started GET "/sessions/logout" for ::1 at 2016-08-04 15:57:13 -0700
Processing by SessionsController#delete as HTML
  [1m[36mUser Load (0.8ms)[0m  [1m[34mSELECT  "users".* FROM "users" WHERE "users"."id" = $1 LIMIT $2[0m  [["id", 32], ["LIMIT", 1]]
Redirected to http://localhost:3000/
Completed 302 Found in 2ms (ActiveRecord: 0.8ms)


Started GET "/" for ::1 at 2016-08-04 15:57:13 -0700
Processing by SessionsController#login as HTML
  Rendering sessions/login.html.erb within layouts/application
  Rendered sessions/login.html.erb within layouts/application (0.8ms)
Completed 200 OK in 27ms (Views: 24.2ms | ActiveRecord: 0.0ms)


Started GET "/" for ::1 at 2016-08-04 15:58:04 -0700
  [1m[36mActiveRecord::SchemaMigration Load (0.5ms)[0m  [1m[34mSELECT "schema_migrations".* FROM "schema_migrations"[0m
Processing by SessionsController#login as HTML
  Rendering sessions/login.html.erb within layouts/application
  Rendered sessions/login.html.erb within layouts/application (12.4ms)
Completed 200 OK in 312ms (Views: 309.6ms | ActiveRecord: 0.0ms)


Started GET "/auth/facebook" for ::1 at 2016-08-04 15:58:05 -0700
Started GET "/auth/facebook/callback?code=AQCsHaGnllYRegWI5KCkaKYl13JNG_nSlM3yBzcZ90PBFys0Z4AXDcvyaAO5G2BP-JkyMoYPJbAmLDSQm0W8mVh1Qbv0rjzKRy3PSqzZUu8QNAk24njnsoAR0O5WkSL7l70IoOFmuyusDLAUQ4RYeAomJ41BcxGZReoOU5qVoHpmeBQP9_w_SFbuhn3vVxkeZNW7gZLp6BHFloLF9b6kuBuNw5_nx9KItUtDDkqCrCcvVAMrGNb9u9Y4a0ZPynWoeg7AtyqQUGRgFMc1hyye2moWn0U4ciHPcTlLXpCDyol7FzSMG28pr0UD4Pk633h6iiQ&state=ae46c91ef84abee375632ac3e6610ad50101d9ffe66b7ec5" for ::1 at 2016-08-04 15:58:05 -0700
Processing by SessionsController#create as HTML
  Parameters: {"code"=>"AQCsHaGnllYRegWI5KCkaKYl13JNG_nSlM3yBzcZ90PBFys0Z4AXDcvyaAO5G2BP-JkyMoYPJbAmLDSQm0W8mVh1Qbv0rjzKRy3PSqzZUu8QNAk24njnsoAR0O5WkSL7l70IoOFmuyusDLAUQ4RYeAomJ41BcxGZReoOU5qVoHpmeBQP9_w_SFbuhn3vVxkeZNW7gZLp6BHFloLF9b6kuBuNw5_nx9KItUtDDkqCrCcvVAMrGNb9u9Y4a0ZPynWoeg7AtyqQUGRgFMc1hyye2moWn0U4ciHPcTlLXpCDyol7FzSMG28pr0UD4Pk633h6iiQ", "state"=>"ae46c91ef84abee375632ac3e6610ad50101d9ffe66b7ec5", "provider"=>"facebook"}
  [1m[36mUser Load (0.5ms)[0m  [1m[34mSELECT  "users".* FROM "users" WHERE "users"."uid" = $1 LIMIT $2[0m  [["uid", "796819854942"], ["LIMIT", 1]]
Redirected to http://localhost:3000/recipes
Completed 302 Found in 32ms (ActiveRecord: 4.6ms)


Started GET "/recipes" for ::1 at 2016-08-04 15:58:06 -0700
Processing by RecipesController#index as HTML
  [1m[36mUser Load (0.2ms)[0m  [1m[34mSELECT  "users".* FROM "users" WHERE "users"."id" = $1 LIMIT $2[0m  [["id", 32], ["LIMIT", 1]]
  Rendering recipes/index.html.erb within layouts/application
  [1m[36mRecipe Load (0.5ms)[0m  [1m[34mSELECT "recipes".* FROM "recipes"[0m
  Rendered recipes/index.html.erb within layouts/application (5.1ms)
Completed 200 OK in 44ms (Views: 30.7ms | ActiveRecord: 1.9ms)


Started GET "/sessions/logout" for ::1 at 2016-08-04 15:58:10 -0700
Processing by SessionsController#delete as HTML
  [1m[36mUser Load (0.3ms)[0m  [1m[34mSELECT  "users".* FROM "users" WHERE "users"."id" = $1 LIMIT $2[0m  [["id", 32], ["LIMIT", 1]]
Redirected to http://localhost:3000/
Completed 302 Found in 3ms (ActiveRecord: 0.3ms)


Started GET "/" for ::1 at 2016-08-04 15:58:10 -0700
Processing by SessionsController#login as HTML
  Rendering sessions/login.html.erb within layouts/application
  Rendered sessions/login.html.erb within layouts/application (1.2ms)
Completed 200 OK in 48ms (Views: 46.8ms | ActiveRecord: 0.0ms)


Started GET "/recipes" for ::1 at 2016-08-04 15:58:14 -0700
Processing by RecipesController#index as HTML
Redirected to http://localhost:3000/
Filter chain halted as :require_login rendered or redirected
Completed 302 Found in 2ms (ActiveRecord: 0.0ms)


Started GET "/recipes" for ::1 at 2016-08-04 15:58:15 -0700
Processing by RecipesController#index as HTML
Redirected to http://localhost:3000/
Filter chain halted as :require_login rendered or redirected
Completed 302 Found in 2ms (ActiveRecord: 0.0ms)


Started GET "/" for ::1 at 2016-08-04 15:58:15 -0700
Processing by SessionsController#login as HTML
  Rendering sessions/login.html.erb within layouts/application
  Rendered sessions/login.html.erb within layouts/application (0.8ms)
Completed 200 OK in 60ms (Views: 56.4ms | ActiveRecord: 0.0ms)


Started GET "/recipes" for ::1 at 2016-08-04 15:58:15 -0700
Processing by RecipesController#index as HTML
Redirected to http://localhost:3000/
Filter chain halted as :require_login rendered or redirected
Completed 302 Found in 1ms (ActiveRecord: 0.0ms)


Started GET "/" for ::1 at 2016-08-04 15:58:15 -0700
Processing by SessionsController#login as HTML
  Rendering sessions/login.html.erb within layouts/application
  Rendered sessions/login.html.erb within layouts/application (1.1ms)
Completed 200 OK in 34ms (Views: 32.4ms | ActiveRecord: 0.0ms)


Started GET "/users/1" for ::1 at 2016-08-04 15:58:39 -0700
Processing by UsersController#show as HTML
  Parameters: {"id"=>"1"}
Redirected to http://localhost:3000/
Filter chain halted as :require_login rendered or redirected
Completed 302 Found in 1ms (ActiveRecord: 0.0ms)


Started GET "/" for ::1 at 2016-08-04 15:58:39 -0700
Processing by SessionsController#login as HTML
  Rendering sessions/login.html.erb within layouts/application
  Rendered sessions/login.html.erb within layouts/application (1.0ms)
Completed 200 OK in 31ms (Views: 28.2ms | ActiveRecord: 0.0ms)


